# JRE version: 7.0_07-b11
# Java VM: Java HotSpot(TM) 64-Bit Server VM (23.3-b01 mixed mode windows-amd64 compressed oops)
Heap
 PSYoungGen      total 140608K, used 104465K [0x00000007d5560000, 0x00000007df180000, 0x0000000800000000)
  eden space 128640K, 71% used [0x00000007d5560000,0x00000007dafb8e38,0x00000007dd300000)
  from space 11968K, 99% used [0x00000007de110000,0x00000007decbb798,0x00000007decc0000)
  to   space 14400K, 0% used [0x00000007dd300000,0x00000007dd300000,0x00000007de110000)
 ParOldGen       total 87424K, used 11615K [0x0000000780000000, 0x0000000785560000, 0x00000007d5560000)
  object space 87424K, 13% used [0x0000000780000000,0x0000000780b57de0,0x0000000785560000)
 PSPermGen       total 36800K, used 36675K [0x000000077ae00000, 0x000000077d1f0000, 0x0000000780000000)
  object space 36800K, 99% used [0x000000077ae00000,0x000000077d1d0dc8,0x000000077d1f0000)
GC Heap History (10 events):
Event: 1.555 GC heap before
{Heap before GC invocations=2 (full 0):
 PSYoungGen      total 38208K, used 37823K [0x00000007d5560000, 0x00000007d8000000, 0x0000000800000000)
  eden space 32768K, 100% used [0x00000007d5560000,0x00000007d7560000,0x00000007d7560000)
  from space 5440K, 92% used [0x00000007d7560000,0x00000007d7a4fe28,0x00000007d7ab0000)
  to   space 5440K, 0% used [0x00000007d7ab0000,0x00000007d7ab0000,0x00000007d8000000)
 ParOldGen       total 87424K, used 8K [0x0000000780000000, 0x0000000785560000, 0x00000007d5560000)
  object space 87424K, 0% used [0x0000000780000000,0x0000000780002000,0x0000000785560000)
 PSPermGen       total 21248K, used 12598K [0x000000077ae00000, 0x000000077c2c0000, 0x0000000780000000)
  object space 21248K, 59% used [0x000000077ae00000,0x000000077ba4d998,0x000000077c2c0000)
Event: 1.565 GC heap after
Heap after GC invocations=2 (full 0):
 PSYoungGen      total 38208K, used 5413K [0x00000007d5560000, 0x00000007da000000, 0x0000000800000000)
  eden space 32768K, 0% used [0x00000007d5560000,0x00000007d5560000,0x00000007d7560000)
  from space 5440K, 99% used [0x00000007d7ab0000,0x00000007d7ff97e8,0x00000007d8000000)
  to   space 5440K, 0% used [0x00000007d7560000,0x00000007d7560000,0x00000007d7ab0000)
 ParOldGen       total 87424K, used 1723K [0x0000000780000000, 0x0000000785560000, 0x00000007d5560000)
  object space 87424K, 1% used [0x0000000780000000,0x00000007801aee48,0x0000000785560000)
 PSPermGen       total 21248K, used 12598K [0x000000077ae00000, 0x000000077c2c0000, 0x0000000780000000)
  object space 21248K, 59% used [0x000000077ae00000,0x000000077ba4d998,0x000000077c2c0000)
}
Event: 2.280 GC heap before
{Heap before GC invocations=3 (full 0):
 PSYoungGen      total 38208K, used 38181K [0x00000007d5560000, 0x00000007da000000, 0x0000000800000000)
  eden space 32768K, 100% used [0x00000007d5560000,0x00000007d7560000,0x00000007d7560000)
  from space 5440K, 99% used [0x00000007d7ab0000,0x00000007d7ff97e8,0x00000007d8000000)
  to   space 5440K, 0% used [0x00000007d7560000,0x00000007d7560000,0x00000007d7ab0000)
 ParOldGen       total 87424K, used 1723K [0x0000000780000000, 0x0000000785560000, 0x00000007d5560000)
  object space 87424K, 1% used [0x0000000780000000,0x00000007801aee48,0x0000000785560000)
 PSPermGen       total 21248K, used 12890K [0x000000077ae00000, 0x000000077c2c0000, 0x0000000780000000)
  object space 21248K, 60% used [0x000000077ae00000,0x000000077ba968f8,0x000000077c2c0000)
Event: 2.289 GC heap after
Heap after GC invocations=3 (full 0):
 PSYoungGen      total 38208K, used 5384K [0x00000007d5560000, 0x00000007da000000, 0x0000000800000000)
  eden space 32768K, 0% used [0x00000007d5560000,0x00000007d5560000,0x00000007d7560000)
  from space 5440K, 98% used [0x00000007d7560000,0x00000007d7aa2020,0x00000007d7ab0000)
  to   space 5440K, 0% used [0x00000007d9ab0000,0x00000007d9ab0000,0x00000007da000000)
 ParOldGen       total 87424K, used 1723K [0x0000000780000000, 0x0000000785560000, 0x00000007d5560000)
  object space 87424K, 1% used [0x0000000780000000,0x00000007801aee48,0x0000000785560000)
 PSPermGen       total 21248K, used 12890K [0x000000077ae00000, 0x000000077c2c0000, 0x0000000780000000)
  object space 21248K, 60% used [0x000000077ae00000,0x000000077ba968f8,0x000000077c2c0000)
}
Event: 2.739 GC heap before
{Heap before GC invocations=4 (full 0):
 PSYoungGen      total 38208K, used 38152K [0x00000007d5560000, 0x00000007da000000, 0x0000000800000000)
  eden space 32768K, 100% used [0x00000007d5560000,0x00000007d7560000,0x00000007d7560000)
  from space 5440K, 98% used [0x00000007d7560000,0x00000007d7aa2020,0x00000007d7ab0000)
  to   space 5440K, 0% used [0x00000007d9ab0000,0x00000007d9ab0000,0x00000007da000000)
 ParOldGen       total 87424K, used 1723K [0x0000000780000000, 0x0000000785560000, 0x00000007d5560000)
  object space 87424K, 1% used [0x0000000780000000,0x00000007801aee48,0x0000000785560000)
 PSPermGen       total 21248K, used 13725K [0x000000077ae00000, 0x000000077c2c0000, 0x0000000780000000)
  object space 21248K, 64% used [0x000000077ae00000,0x000000077bb67460,0x000000077c2c0000)
Event: 2.749 GC heap after
Heap after GC invocations=4 (full 0):
 PSYoungGen      total 70976K, used 5416K [0x00000007d5560000, 0x00000007da000000, 0x0000000800000000)
  eden space 65536K, 0% used [0x00000007d5560000,0x00000007d5560000,0x00000007d9560000)
  from space 5440K, 99% used [0x00000007d9ab0000,0x00000007d9ffa040,0x00000007da000000)
  to   space 5440K, 0% used [0x00000007d9560000,0x00000007d9560000,0x00000007d9ab0000)
 ParOldGen       total 87424K, used 3506K [0x0000000780000000, 0x0000000785560000, 0x00000007d5560000)
  object space 87424K, 4% used [0x0000000780000000,0x000000078036cba8,0x0000000785560000)
 PSPermGen       total 21248K, used 13725K [0x000000077ae00000, 0x000000077c2c0000, 0x0000000780000000)
  object space 21248K, 64% used [0x000000077ae00000,0x000000077bb67460,0x000000077c2c0000)
}
Event: 3.877 GC heap before
{Heap before GC invocations=5 (full 0):
 PSYoungGen      total 70976K, used 70952K [0x00000007d5560000, 0x00000007da000000, 0x0000000800000000)
  eden space 65536K, 100% used [0x00000007d5560000,0x00000007d9560000,0x00000007d9560000)
  from space 5440K, 99% used [0x00000007d9ab0000,0x00000007d9ffa040,0x00000007da000000)
  to   space 5440K, 0% used [0x00000007d9560000,0x00000007d9560000,0x00000007d9ab0000)
 ParOldGen       total 87424K, used 3506K [0x0000000780000000, 0x0000000785560000, 0x00000007d5560000)
  object space 87424K, 4% used [0x0000000780000000,0x000000078036cba8,0x0000000785560000)
 PSPermGen       total 22208K, used 22102K [0x000000077ae00000, 0x000000077c3b0000, 0x0000000780000000)
  object space 22208K, 99% used [0x000000077ae00000,0x000000077c3958b8,0x000000077c3b0000)
Event: 3.895 GC heap after
Heap after GC invocations=5 (full 0):
 PSYoungGen      total 70976K, used 5439K [0x00000007d5560000, 0x00000007decc0000, 0x0000000800000000)
  eden space 65536K, 0% used [0x00000007d5560000,0x00000007d5560000,0x00000007d9560000)
  from space 5440K, 99% used [0x00000007d9560000,0x00000007d9aafe40,0x00000007d9ab0000)
  to   space 11968K, 0% used [0x00000007de110000,0x00000007de110000,0x00000007decc0000)
 ParOldGen       total 87424K, used 10473K [0x0000000780000000, 0x0000000785560000, 0x00000007d5560000)
  object space 87424K, 11% used [0x0000000780000000,0x0000000780a3a5b0,0x0000000785560000)
 PSPermGen       total 22208K, used 22102K [0x000000077ae00000, 0x000000077c3b0000, 0x0000000780000000)
  object space 22208K, 99% used [0x000000077ae00000,0x000000077c3958b8,0x000000077c3b0000)
}
Event: 5.054 GC heap before
{Heap before GC invocations=6 (full 0):
 PSYoungGen      total 70976K, used 70975K [0x00000007d5560000, 0x00000007decc0000, 0x0000000800000000)
  eden space 65536K, 100% used [0x00000007d5560000,0x00000007d9560000,0x00000007d9560000)
  from space 5440K, 99% used [0x00000007d9560000,0x00000007d9aafe40,0x00000007d9ab0000)
  to   space 11968K, 0% used [0x00000007de110000,0x00000007de110000,0x00000007decc0000)
 ParOldGen       total 87424K, used 10473K [0x0000000780000000, 0x0000000785560000, 0x00000007d5560000)
  object space 87424K, 11% used [0x0000000780000000,0x0000000780a3a5b0,0x0000000785560000)
 PSPermGen       total 30848K, used 30683K [0x000000077ae00000, 0x000000077cc20000, 0x0000000780000000)
  object space 30848K, 99% used [0x000000077ae00000,0x000000077cbf6e20,0x000000077cc20000)
Event: 5.080 GC heap after
Heap after GC invocations=6 (full 0):
 PSYoungGen      total 140608K, used 11949K [0x00000007d5560000, 0x00000007df180000, 0x0000000800000000)
  eden space 128640K, 0% used [0x00000007d5560000,0x00000007d5560000,0x00000007dd300000)
  from space 11968K, 99% used [0x00000007de110000,0x00000007decbb798,0x00000007decc0000)
  to   space 14400K, 0% used [0x00000007dd300000,0x00000007dd300000,0x00000007de110000)
 ParOldGen       total 87424K, used 11615K [0x0000000780000000, 0x0000000785560000, 0x00000007d5560000)
  object space 87424K, 13% used [0x0000000780000000,0x0000000780b57de0,0x0000000785560000)
 PSPermGen       total 30848K, used 30683K [0x000000077ae00000, 0x000000077cc20000, 0x0000000780000000)
  object space 30848K, 99% used [0x000000077ae00000,0x000000077cbf6e20,0x000000077cc20000)
}

