# JRE version: 7.0_07-b11
# Java VM: Java HotSpot(TM) 64-Bit Server VM (23.3-b01 mixed mode windows-amd64 compressed oops)
Heap
 PSYoungGen      total 258624K, used 3534K [0x00000007d5560000, 0x00000007e8220000, 0x0000000800000000)
  eden space 230784K, 1% used [0x00000007d5560000,0x00000007d58d3b88,0x00000007e36c0000)
  from space 27840K, 0% used [0x00000007e63f0000,0x00000007e63f0000,0x00000007e7f20000)
  to   space 38592K, 0% used [0x00000007e36c0000,0x00000007e36c0000,0x00000007e5c70000)
 ParOldGen       total 92096K, used 45377K [0x0000000780000000, 0x00000007859f0000, 0x00000007d5560000)
  object space 92096K, 49% used [0x0000000780000000,0x0000000782c50588,0x00000007859f0000)
 PSPermGen       total 83968K, used 83882K [0x000000077ae00000, 0x0000000780000000, 0x0000000780000000)
  object space 83968K, 99% used [0x000000077ae00000,0x000000077ffea948,0x0000000780000000)
GC Heap History (10 events):
Event: 94.299 GC heap before
{Heap before GC invocations=7 (full 0):
 PSYoungGen      total 140352K, used 140345K [0x00000007d5560000, 0x00000007df180000, 0x0000000800000000)
  eden space 128512K, 100% used [0x00000007d5560000,0x00000007dd2e0000,0x00000007dd2e0000)
  from space 11840K, 99% used [0x00000007de0f0000,0x00000007dec7e440,0x00000007dec80000)
  to   space 14400K, 0% used [0x00000007dd2e0000,0x00000007dd2e0000,0x00000007de0f0000)
 ParOldGen       total 87424K, used 11629K [0x0000000780000000, 0x0000000785560000, 0x00000007d5560000)
  object space 87424K, 13% used [0x0000000780000000,0x0000000780b5b740,0x0000000785560000)
 PSPermGen       total 39296K, used 39136K [0x000000077ae00000, 0x000000077d460000, 0x0000000780000000)
  object space 39296K, 99% used [0x000000077ae00000,0x000000077d4380b8,0x000000077d460000)
Event: 94.326 GC heap after
Heap after GC invocations=7 (full 0):
 PSYoungGen      total 142912K, used 14394K [0x00000007d5560000, 0x00000007e7780000, 0x0000000800000000)
  eden space 128512K, 0% used [0x00000007d5560000,0x00000007d5560000,0x00000007dd2e0000)
  from space 14400K, 99% used [0x00000007dd2e0000,0x00000007de0eeb68,0x00000007de0f0000)
  to   space 20032K, 0% used [0x00000007e63f0000,0x00000007e63f0000,0x00000007e7780000)
 ParOldGen       total 87424K, used 18506K [0x0000000780000000, 0x0000000785560000, 0x00000007d5560000)
  object space 87424K, 21% used [0x0000000780000000,0x0000000781212a30,0x0000000785560000)
 PSPermGen       total 39296K, used 39136K [0x000000077ae00000, 0x000000077d460000, 0x0000000780000000)
  object space 39296K, 99% used [0x000000077ae00000,0x000000077d4380b8,0x000000077d460000)
}
Event: 122.105 GC heap before
{Heap before GC invocations=8 (full 0):
 PSYoungGen      total 142912K, used 142906K [0x00000007d5560000, 0x00000007e7780000, 0x0000000800000000)
  eden space 128512K, 100% used [0x00000007d5560000,0x00000007dd2e0000,0x00000007dd2e0000)
  from space 14400K, 99% used [0x00000007dd2e0000,0x00000007de0eeb68,0x00000007de0f0000)
  to   space 20032K, 0% used [0x00000007e63f0000,0x00000007e63f0000,0x00000007e7780000)
 ParOldGen       total 87424K, used 18506K [0x0000000780000000, 0x0000000785560000, 0x00000007d5560000)
  object space 87424K, 21% used [0x0000000780000000,0x0000000781212a30,0x0000000785560000)
 PSPermGen       total 51008K, used 50903K [0x000000077ae00000, 0x000000077dfd0000, 0x0000000780000000)
  object space 51008K, 99% used [0x000000077ae00000,0x000000077dfb5d48,0x000000077dfd0000)
Event: 122.146 GC heap after
Heap after GC invocations=8 (full 0):
 PSYoungGen      total 272576K, used 20020K [0x00000007d5560000, 0x00000007e8040000, 0x0000000800000000)
  eden space 252544K, 0% used [0x00000007d5560000,0x00000007d5560000,0x00000007e4c00000)
  from space 20032K, 99% used [0x00000007e63f0000,0x00000007e777d1a0,0x00000007e7780000)
  to   space 24512K, 0% used [0x00000007e4c00000,0x00000007e4c00000,0x00000007e63f0000)
 ParOldGen       total 87424K, used 21674K [0x0000000780000000, 0x0000000785560000, 0x00000007d5560000)
  object space 87424K, 24% used [0x0000000780000000,0x000000078152ab88,0x0000000785560000)
 PSPermGen       total 51008K, used 50903K [0x000000077ae00000, 0x000000077dfd0000, 0x0000000780000000)
  object space 51008K, 99% used [0x000000077ae00000,0x000000077dfb5d48,0x000000077dfd0000)
}
Event: 370.622 GC heap before
{Heap before GC invocations=9 (full 0):
 PSYoungGen      total 272576K, used 272564K [0x00000007d5560000, 0x00000007e8040000, 0x0000000800000000)
  eden space 252544K, 100% used [0x00000007d5560000,0x00000007e4c00000,0x00000007e4c00000)
  from space 20032K, 99% used [0x00000007e63f0000,0x00000007e777d1a0,0x00000007e7780000)
  to   space 24512K, 0% used [0x00000007e4c00000,0x00000007e4c00000,0x00000007e63f0000)
 ParOldGen       total 87424K, used 21674K [0x0000000780000000, 0x0000000785560000, 0x00000007d5560000)
  object space 87424K, 24% used [0x0000000780000000,0x000000078152ab88,0x0000000785560000)
 PSPermGen       total 66368K, used 66322K [0x000000077ae00000, 0x000000077eed0000, 0x0000000780000000)
  object space 66368K, 99% used [0x000000077ae00000,0x000000077eec4a98,0x000000077eed0000)
Event: 370.685 GC heap after
Heap after GC invocations=9 (full 0):
 PSYoungGen      total 265920K, used 24491K [0x00000007d5560000, 0x00000007e7f20000, 0x0000000800000000)
  eden space 241408K, 0% used [0x00000007d5560000,0x00000007d5560000,0x00000007e4120000)
  from space 24512K, 99% used [0x00000007e4c00000,0x00000007e63ead60,0x00000007e63f0000)
  to   space 27840K, 0% used [0x00000007e63f0000,0x00000007e63f0000,0x00000007e7f20000)
 ParOldGen       total 87424K, used 30196K [0x0000000780000000, 0x0000000785560000, 0x00000007d5560000)
  object space 87424K, 34% used [0x0000000780000000,0x0000000781d7d140,0x0000000785560000)
 PSPermGen       total 66368K, used 66322K [0x000000077ae00000, 0x000000077eed0000, 0x0000000780000000)
  object space 66368K, 99% used [0x000000077ae00000,0x000000077eec4a98,0x000000077eed0000)
}
Event: 374.321 GC heap before
{Heap before GC invocations=10 (full 0):
 PSYoungGen      total 265920K, used 240937K [0x00000007d5560000, 0x00000007e7f20000, 0x0000000800000000)
  eden space 241408K, 89% used [0x00000007d5560000,0x00000007e28bf6e0,0x00000007e4120000)
  from space 24512K, 99% used [0x00000007e4c00000,0x00000007e63ead60,0x00000007e63f0000)
  to   space 27840K, 0% used [0x00000007e63f0000,0x00000007e63f0000,0x00000007e7f20000)
 ParOldGen       total 87424K, used 30196K [0x0000000780000000, 0x0000000785560000, 0x00000007d5560000)
  object space 87424K, 34% used [0x0000000780000000,0x0000000781d7d140,0x0000000785560000)
 PSPermGen       total 83968K, used 83967K [0x000000077ae00000, 0x0000000780000000, 0x0000000780000000)
  object space 83968K, 99% used [0x000000077ae00000,0x000000077fffffd0,0x0000000780000000)
Event: 374.380 GC heap after
Heap after GC invocations=10 (full 0):
 PSYoungGen      total 258624K, used 27823K [0x00000007d5560000, 0x00000007e8220000, 0x0000000800000000)
  eden space 230784K, 0% used [0x00000007d5560000,0x00000007d5560000,0x00000007e36c0000)
  from space 27840K, 99% used [0x00000007e63f0000,0x00000007e7f1bf58,0x00000007e7f20000)
  to   space 38592K, 0% used [0x00000007e36c0000,0x00000007e36c0000,0x00000007e5c70000)
 ParOldGen       total 87424K, used 39726K [0x0000000780000000, 0x0000000785560000, 0x00000007d5560000)
  object space 87424K, 45% used [0x0000000780000000,0x00000007826cbb68,0x0000000785560000)
 PSPermGen       total 83968K, used 83967K [0x000000077ae00000, 0x0000000780000000, 0x0000000780000000)
  object space 83968K, 99% used [0x000000077ae00000,0x000000077fffffd0,0x0000000780000000)
}
Event: 374.380 GC heap before
{Heap before GC invocations=11 (full 1):
 PSYoungGen      total 258624K, used 27823K [0x00000007d5560000, 0x00000007e8220000, 0x0000000800000000)
  eden space 230784K, 0% used [0x00000007d5560000,0x00000007d5560000,0x00000007e36c0000)
  from space 27840K, 99% used [0x00000007e63f0000,0x00000007e7f1bf58,0x00000007e7f20000)
  to   space 38592K, 0% used [0x00000007e36c0000,0x00000007e36c0000,0x00000007e5c70000)
 ParOldGen       total 87424K, used 39726K [0x0000000780000000, 0x0000000785560000, 0x00000007d5560000)
  object space 87424K, 45% used [0x0000000780000000,0x00000007826cbb68,0x0000000785560000)
 PSPermGen       total 83968K, used 83967K [0x000000077ae00000, 0x0000000780000000, 0x0000000780000000)
  object space 83968K, 99% used [0x000000077ae00000,0x000000077fffffd0,0x0000000780000000)
Event: 374.749 GC heap after
Heap after GC invocations=11 (full 1):
 PSYoungGen      total 258624K, used 0K [0x00000007d5560000, 0x00000007e8220000, 0x0000000800000000)
  eden space 230784K, 0% used [0x00000007d5560000,0x00000007d5560000,0x00000007e36c0000)
  from space 27840K, 0% used [0x00000007e63f0000,0x00000007e63f0000,0x00000007e7f20000)
  to   space 38592K, 0% used [0x00000007e36c0000,0x00000007e36c0000,0x00000007e5c70000)
 ParOldGen       total 92096K, used 45377K [0x0000000780000000, 0x00000007859f0000, 0x00000007d5560000)
  object space 92096K, 49% used [0x0000000780000000,0x0000000782c50588,0x00000007859f0000)
 PSPermGen       total 83968K, used 83859K [0x000000077ae00000, 0x0000000780000000, 0x0000000780000000)
  object space 83968K, 99% used [0x000000077ae00000,0x000000077ffe4f00,0x0000000780000000)
}

